
    0 const zero = 0,
    1     one = 1,
    1     two = 2,
    1     three = 3;
    1 var x, y, z, ok;
    1 procedure addxandy;
    1     var x, y;
    2 begin
    3     z := x + y
    5 end;
    0  jmp  1    0
    1  jmp  1    2
    2  int  1    5
    3  lod  1    3
    4  lod  1    4
    5  opr  1    2
    6  sto  1    5
    7  opr  1    0
    8 begin
    9     ok := 0;
   11     x := one;
   13     y := two;
   15     call addxandy;
   16     if z = three then
   19         ok := -1
   21 end.
    0  jmp  1    8
    1  jmp  1    2
    2  int  1    5
    3  lod  1    3
    4  lod  1    4
    5  opr  1    2
    6  sto  1    5
    7  opr  1    0
    8  int  1    7
    9  lit  1    0
   10  sto  1    6
   11  lit  1    1
   12  sto  1    3
   13  lit  1    2
   14  sto  1    4
   15  cal  1    2
   16  lod  1    5
   17  lit  1    3
   18  opr  1    8
   19  jpc  1   23
   20  lit  1    1
   21  opr  1    1
   22  sto  1    6
   23  opr  1    0
 start pl/0
          0
          1
          2
          0
 end pl/0
